<?xml version="1.0" encoding="UTF-8"?>
<testsuite name="com.educrm.mapper.MapperTest" time="0.964" tests="2" errors="0" skipped="0" failures="0">
  <properties>
    <property name="java.runtime.name" value="Java(TM) SE Runtime Environment"/>
    <property name="sun.boot.library.path" value="C:\Program Files\Java\jdk1.7.0_79\jre\bin"/>
    <property name="java.vm.version" value="24.79-b02"/>
    <property name="java.vm.vendor" value="Oracle Corporation"/>
    <property name="java.vendor.url" value="http://java.oracle.com/"/>
    <property name="path.separator" value=";"/>
    <property name="guice.disable.misplaced.annotation.check" value="true"/>
    <property name="java.vm.name" value="Java HotSpot(TM) 64-Bit Server VM"/>
    <property name="file.encoding.pkg" value="sun.io"/>
    <property name="user.script" value=""/>
    <property name="user.country" value="US"/>
    <property name="sun.java.launcher" value="SUN_STANDARD"/>
    <property name="sun.os.patch.level" value=""/>
    <property name="java.vm.specification.name" value="Java Virtual Machine Specification"/>
    <property name="user.dir" value="C:\jiahao\educrm"/>
    <property name="java.runtime.version" value="1.7.0_79-b15"/>
    <property name="java.awt.graphicsenv" value="sun.awt.Win32GraphicsEnvironment"/>
    <property name="java.endorsed.dirs" value="C:\Program Files\Java\jdk1.7.0_79\jre\lib\endorsed"/>
    <property name="os.arch" value="amd64"/>
    <property name="java.io.tmpdir" value="C:\Users\i076641\AppData\Local\Temp\"/>
    <property name="line.separator" value="&#10;"/>
    <property name="java.vm.specification.vendor" value="Oracle Corporation"/>
    <property name="user.variant" value=""/>
    <property name="os.name" value="Windows 8.1"/>
    <property name="classworlds.conf" value="C:\Users\i076641\workspace\.metadata\.plugins\org.eclipse.m2e.launching\launches\m2conf9193582460475525833.tmp"/>
    <property name="sun.jnu.encoding" value="Cp1252"/>
    <property name="java.library.path" value="C:\Program Files\Java\jdk1.7.0_79\bin;C:\WINDOWS\Sun\Java\bin;C:\WINDOWS\system32;C:\WINDOWS;C:/Program Files/Java/jdk1.7.0_79/bin/../jre/bin/server;C:/Program Files/Java/jdk1.7.0_79/bin/../jre/bin;C:/Program Files/Java/jdk1.7.0_79/bin/../jre/lib/amd64;C:\ProgramData\Oracle\Java\javapath;C:\apache-maven-3.2.5\bin;C:\Program Files\Java\jdk1.7.0_79\bin;C:\Program Files\Common Files\Open Text\Spawner\bin;C:\WINDOWS\system32;C:\WINDOWS;C:\WINDOWS\System32\Wbem;C:\WINDOWS\System32\WindowsPowerShell\v1.0\;C:\Windows\CCM;c:\Program Files (x86)\Microsoft SQL Server\100\Tools\Binn\;c:\Program Files\Microsoft SQL Server\100\Tools\Binn\;c:\Program Files\Microsoft SQL Server\100\DTS\Binn\;C:\Program Files (x86)\Microsoft SQL Server\100\Tools\Binn\VSShell\Common7\IDE\;C:\Program Files (x86)\Microsoft Visual Studio 9.0\Common7\IDE\PrivateAssemblies\;C:\Program Files (x86)\Microsoft SQL Server\100\DTS\Binn\;C:\WINDOWS\System32\WindowsPowerShell\v1.0;C:\WINDOWS\System32\WindowsPowerShell\v1.0;C:\WINDOWS\System32\WindowsPowerShell\v1.0;C:\WINDOWS\System32\WindowsPowerShell\v1.0;C:\WINDOWS\System32\WindowsPowerShell\v1.0;C:\WINDOWS\system32\config\systemprofile\.dnx\bin;C:\Program Files\Microsoft DNX\Dnvm\;C:\WINDOWS\System32\WindowsPowerShell\v1.0;C:\Program Files (x86)\MySQL\MySQL Fabric 1.5.4 &amp; MySQL Utilities 1.5.4 1.5\;C:\Program Files (x86)\MySQL\MySQL Fabric 1.5.4 &amp; MySQL Utilities 1.5.4 1.5\Doctrine extensions for PHP\;C:\WINDOWS\System32\WindowsPowerShell\v1.0;C:\Program Files\TortoiseSVN\bin;C:\Program Files\nodejs\;C:\Users\i076641\AppData\Roaming\npm;C:\Users\i076641\Desktop;;."/>
    <property name="java.specification.name" value="Java Platform API Specification"/>
    <property name="java.class.version" value="51.0"/>
    <property name="sun.management.compiler" value="HotSpot 64-Bit Tiered Compilers"/>
    <property name="os.version" value="6.3"/>
    <property name="user.home" value="C:\Users\i076641"/>
    <property name="user.timezone" value="Asia/Shanghai"/>
    <property name="java.awt.printerjob" value="sun.awt.windows.WPrinterJob"/>
    <property name="java.specification.version" value="1.7"/>
    <property name="file.encoding" value="Cp1252"/>
    <property name="user.name" value="I076641"/>
    <property name="java.class.path" value="C:\apache-maven-3.0.5\boot\plexus-classworlds-2.4.jar"/>
    <property name="java.vm.specification.version" value="1.7"/>
    <property name="sun.arch.data.model" value="64"/>
    <property name="java.home" value="C:\Program Files\Java\jdk1.7.0_79\jre"/>
    <property name="sun.java.command" value="org.codehaus.plexus.classworlds.launcher.Launcher -B -s C:\apache-maven-cloud\apache-maven-3.2.5\conf\settings.xml install"/>
    <property name="java.specification.vendor" value="Oracle Corporation"/>
    <property name="user.language" value="en"/>
    <property name="awt.toolkit" value="sun.awt.windows.WToolkit"/>
    <property name="java.vm.info" value="mixed mode"/>
    <property name="java.version" value="1.7.0_79"/>
    <property name="java.ext.dirs" value="C:\Program Files\Java\jdk1.7.0_79\jre\lib\ext;C:\WINDOWS\Sun\Java\lib\ext"/>
    <property name="sun.boot.class.path" value="C:\Program Files\Java\jdk1.7.0_79\jre\lib\resources.jar;C:\Program Files\Java\jdk1.7.0_79\jre\lib\rt.jar;C:\Program Files\Java\jdk1.7.0_79\jre\lib\sunrsasign.jar;C:\Program Files\Java\jdk1.7.0_79\jre\lib\jsse.jar;C:\Program Files\Java\jdk1.7.0_79\jre\lib\jce.jar;C:\Program Files\Java\jdk1.7.0_79\jre\lib\charsets.jar;C:\Program Files\Java\jdk1.7.0_79\jre\lib\jfr.jar;C:\Program Files\Java\jdk1.7.0_79\jre\classes"/>
    <property name="java.vendor" value="Oracle Corporation"/>
    <property name="maven.home" value="C:\apache-maven-3.0.5"/>
    <property name="file.separator" value="\"/>
    <property name="java.vendor.url.bug" value="http://bugreport.sun.com/bugreport/"/>
    <property name="sun.cpu.endian" value="little"/>
    <property name="sun.io.unicode.encoding" value="UnicodeLittle"/>
    <property name="sun.desktop" value="windows"/>
    <property name="sun.cpu.isalist" value="amd64"/>
  </properties>
  <testcase name="test" classname="com.educrm.mapper.MapperTest" time="0.964"/>
  <testcase name="test1" classname="com.educrm.mapper.MapperTest" time="0"/>
</testsuite>